Determining if the pthread_create exist failed with the following output:
Change Dir: /home/yyg/code/lidarCode/build/CMakeFiles/CMakeTmp

Run Build Command:"/usr/bin/make" "cmTC_8e735/fast"
/usr/bin/make -f CMakeFiles/cmTC_8e735.dir/build.make CMakeFiles/cmTC_8e735.dir/build
make[1]: Entering directory '/home/yyg/code/lidarCode/build/CMakeFiles/CMakeTmp'
Building C object CMakeFiles/cmTC_8e735.dir/CheckSymbolExists.c.o
/usr/bin/cc    -o CMakeFiles/cmTC_8e735.dir/CheckSymbolExists.c.o   -c /home/yyg/code/lidarCode/build/CMakeFiles/CMakeTmp/CheckSymbolExists.c
Linking C executable cmTC_8e735
/usr/local/bin/cmake -E cmake_link_script CMakeFiles/cmTC_8e735.dir/link.txt --verbose=1
/usr/bin/cc      -rdynamic CMakeFiles/cmTC_8e735.dir/CheckSymbolExists.c.o  -o cmTC_8e735 
CMakeFiles/cmTC_8e735.dir/CheckSymbolExists.c.o：在函数‘main’中：
CheckSymbolExists.c:(.text+0x16)：对‘pthread_create’未定义的引用
collect2: error: ld returned 1 exit status
CMakeFiles/cmTC_8e735.dir/build.make:86: recipe for target 'cmTC_8e735' failed
make[1]: *** [cmTC_8e735] Error 1
make[1]: Leaving directory '/home/yyg/code/lidarCode/build/CMakeFiles/CMakeTmp'
Makefile:121: recipe for target 'cmTC_8e735/fast' failed
make: *** [cmTC_8e735/fast] Error 2

File /home/yyg/code/lidarCode/build/CMakeFiles/CMakeTmp/CheckSymbolExists.c:
/* */
#include <pthread.h>

int main(int argc, char** argv)
{
  (void)argv;
#ifndef pthread_create
  return ((int*)(&pthread_create))[argc];
#else
  (void)argc;
  return 0;
#endif
}

Determining if the function pthread_create exists in the pthreads failed with the following output:
Change Dir: /home/yyg/code/lidarCode/build/CMakeFiles/CMakeTmp

Run Build Command:"/usr/bin/make" "cmTC_5541c/fast"
/usr/bin/make -f CMakeFiles/cmTC_5541c.dir/build.make CMakeFiles/cmTC_5541c.dir/build
make[1]: Entering directory '/home/yyg/code/lidarCode/build/CMakeFiles/CMakeTmp'
Building C object CMakeFiles/cmTC_5541c.dir/CheckFunctionExists.c.o
/usr/bin/cc   -DCHECK_FUNCTION_EXISTS=pthread_create   -o CMakeFiles/cmTC_5541c.dir/CheckFunctionExists.c.o   -c /usr/local/share/cmake-3.12/Modules/CheckFunctionExists.c
Linking C executable cmTC_5541c
/usr/local/bin/cmake -E cmake_link_script CMakeFiles/cmTC_5541c.dir/link.txt --verbose=1
/usr/bin/cc  -DCHECK_FUNCTION_EXISTS=pthread_create    -rdynamic CMakeFiles/cmTC_5541c.dir/CheckFunctionExists.c.o  -o cmTC_5541c -lpthreads 
/usr/bin/ld: 找不到 -lpthreads
collect2: error: ld returned 1 exit status
CMakeFiles/cmTC_5541c.dir/build.make:86: recipe for target 'cmTC_5541c' failed
make[1]: *** [cmTC_5541c] Error 1
make[1]: Leaving directory '/home/yyg/code/lidarCode/build/CMakeFiles/CMakeTmp'
Makefile:121: recipe for target 'cmTC_5541c/fast' failed
make: *** [cmTC_5541c/fast] Error 2


